Vivado Simulator v2024.1
Copyright 1986-2022 Xilinx, Inc. All Rights Reserved.
Copyright 2022-2024 Advanced Micro Devices, Inc. All Rights Reserved.
Running: D:/Vivado/2024.1/bin/unwrapped/win64.o/xelab.exe --incr --debug typical --relax --mt 2 -L xil_defaultlib -L unisims_ver -L unimacro_ver -L secureip --snapshot tb_prefix_adder_16bit_behav xil_defaultlib.tb_prefix_adder_16bit xil_defaultlib.glbl -log elaborate.log 
Using 2 slave threads.
Starting static elaboration
Pass Through NonSizing Optimizer
Completed static elaboration
Starting simulation data flow analysis
WARNING: [XSIM 43-4099] "C:/Users/dlmih/OneDrive - Universitatea Politehnica Bucuresti/Desktop/SOC/Tema2 - SOC/T2/T2.srcs/sources_1/new/generate_propagate.v" Line 2. Module generate_propagate doesn't have a timescale but at least one module in design has a timescale.
WARNING: [XSIM 43-4099] "C:/Users/dlmih/OneDrive - Universitatea Politehnica Bucuresti/Desktop/SOC/Tema2 - SOC/T2/T2.srcs/sources_1/new/generate_propagate.v" Line 2. Module generate_propagate doesn't have a timescale but at least one module in design has a timescale.
WARNING: [XSIM 43-4099] "C:/Users/dlmih/OneDrive - Universitatea Politehnica Bucuresti/Desktop/SOC/Tema2 - SOC/T2/T2.srcs/sources_1/new/generate_propagate.v" Line 2. Module generate_propagate doesn't have a timescale but at least one module in design has a timescale.
WARNING: [XSIM 43-4099] "C:/Users/dlmih/OneDrive - Universitatea Politehnica Bucuresti/Desktop/SOC/Tema2 - SOC/T2/T2.srcs/sources_1/new/generate_propagate.v" Line 2. Module generate_propagate doesn't have a timescale but at least one module in design has a timescale.
WARNING: [XSIM 43-4099] "C:/Users/dlmih/OneDrive - Universitatea Politehnica Bucuresti/Desktop/SOC/Tema2 - SOC/T2/T2.srcs/sources_1/new/generate_propagate.v" Line 2. Module generate_propagate doesn't have a timescale but at least one module in design has a timescale.
WARNING: [XSIM 43-4099] "C:/Users/dlmih/OneDrive - Universitatea Politehnica Bucuresti/Desktop/SOC/Tema2 - SOC/T2/T2.srcs/sources_1/new/generate_propagate.v" Line 2. Module generate_propagate doesn't have a timescale but at least one module in design has a timescale.
WARNING: [XSIM 43-4099] "C:/Users/dlmih/OneDrive - Universitatea Politehnica Bucuresti/Desktop/SOC/Tema2 - SOC/T2/T2.srcs/sources_1/new/generate_propagate.v" Line 2. Module generate_propagate doesn't have a timescale but at least one module in design has a timescale.
WARNING: [XSIM 43-4099] "C:/Users/dlmih/OneDrive - Universitatea Politehnica Bucuresti/Desktop/SOC/Tema2 - SOC/T2/T2.srcs/sources_1/new/generate_propagate.v" Line 2. Module generate_propagate doesn't have a timescale but at least one module in design has a timescale.
WARNING: [XSIM 43-4099] "C:/Users/dlmih/OneDrive - Universitatea Politehnica Bucuresti/Desktop/SOC/Tema2 - SOC/T2/T2.srcs/sources_1/new/generate_propagate.v" Line 2. Module generate_propagate doesn't have a timescale but at least one module in design has a timescale.
WARNING: [XSIM 43-4099] "C:/Users/dlmih/OneDrive - Universitatea Politehnica Bucuresti/Desktop/SOC/Tema2 - SOC/T2/T2.srcs/sources_1/new/generate_propagate.v" Line 2. Module generate_propagate doesn't have a timescale but at least one module in design has a timescale.
WARNING: [XSIM 43-4099] "C:/Users/dlmih/OneDrive - Universitatea Politehnica Bucuresti/Desktop/SOC/Tema2 - SOC/T2/T2.srcs/sources_1/new/generate_propagate.v" Line 2. Module generate_propagate doesn't have a timescale but at least one module in design has a timescale.
WARNING: [XSIM 43-4099] "C:/Users/dlmih/OneDrive - Universitatea Politehnica Bucuresti/Desktop/SOC/Tema2 - SOC/T2/T2.srcs/sources_1/new/generate_propagate.v" Line 2. Module generate_propagate doesn't have a timescale but at least one module in design has a timescale.
WARNING: [XSIM 43-4099] "C:/Users/dlmih/OneDrive - Universitatea Politehnica Bucuresti/Desktop/SOC/Tema2 - SOC/T2/T2.srcs/sources_1/new/generate_propagate.v" Line 2. Module generate_propagate doesn't have a timescale but at least one module in design has a timescale.
WARNING: [XSIM 43-4099] "C:/Users/dlmih/OneDrive - Universitatea Politehnica Bucuresti/Desktop/SOC/Tema2 - SOC/T2/T2.srcs/sources_1/new/generate_propagate.v" Line 2. Module generate_propagate doesn't have a timescale but at least one module in design has a timescale.
WARNING: [XSIM 43-4099] "C:/Users/dlmih/OneDrive - Universitatea Politehnica Bucuresti/Desktop/SOC/Tema2 - SOC/T2/T2.srcs/sources_1/new/generate_propagate.v" Line 2. Module generate_propagate doesn't have a timescale but at least one module in design has a timescale.
WARNING: [XSIM 43-4099] "C:/Users/dlmih/OneDrive - Universitatea Politehnica Bucuresti/Desktop/SOC/Tema2 - SOC/T2/T2.srcs/sources_1/new/generate_propagate.v" Line 2. Module generate_propagate doesn't have a timescale but at least one module in design has a timescale.
WARNING: [XSIM 43-4099] "C:/Users/dlmih/OneDrive - Universitatea Politehnica Bucuresti/Desktop/SOC/Tema2 - SOC/T2/T2.srcs/sources_1/new/black_cell.v" Line 2. Module black_cell doesn't have a timescale but at least one module in design has a timescale.
WARNING: [XSIM 43-4099] "C:/Users/dlmih/OneDrive - Universitatea Politehnica Bucuresti/Desktop/SOC/Tema2 - SOC/T2/T2.srcs/sources_1/new/black_cell.v" Line 2. Module black_cell doesn't have a timescale but at least one module in design has a timescale.
WARNING: [XSIM 43-4099] "C:/Users/dlmih/OneDrive - Universitatea Politehnica Bucuresti/Desktop/SOC/Tema2 - SOC/T2/T2.srcs/sources_1/new/black_cell.v" Line 2. Module black_cell doesn't have a timescale but at least one module in design has a timescale.
WARNING: [XSIM 43-4099] "C:/Users/dlmih/OneDrive - Universitatea Politehnica Bucuresti/Desktop/SOC/Tema2 - SOC/T2/T2.srcs/sources_1/new/black_cell.v" Line 2. Module black_cell doesn't have a timescale but at least one module in design has a timescale.
WARNING: [XSIM 43-4099] "C:/Users/dlmih/OneDrive - Universitatea Politehnica Bucuresti/Desktop/SOC/Tema2 - SOC/T2/T2.srcs/sources_1/new/black_cell.v" Line 2. Module black_cell doesn't have a timescale but at least one module in design has a timescale.
WARNING: [XSIM 43-4099] "C:/Users/dlmih/OneDrive - Universitatea Politehnica Bucuresti/Desktop/SOC/Tema2 - SOC/T2/T2.srcs/sources_1/new/black_cell.v" Line 2. Module black_cell doesn't have a timescale but at least one module in design has a timescale.
WARNING: [XSIM 43-4099] "C:/Users/dlmih/OneDrive - Universitatea Politehnica Bucuresti/Desktop/SOC/Tema2 - SOC/T2/T2.srcs/sources_1/new/black_cell.v" Line 2. Module black_cell doesn't have a timescale but at least one module in design has a timescale.
WARNING: [XSIM 43-4099] "C:/Users/dlmih/OneDrive - Universitatea Politehnica Bucuresti/Desktop/SOC/Tema2 - SOC/T2/T2.srcs/sources_1/new/black_cell.v" Line 2. Module black_cell doesn't have a timescale but at least one module in design has a timescale.
WARNING: [XSIM 43-4099] "C:/Users/dlmih/OneDrive - Universitatea Politehnica Bucuresti/Desktop/SOC/Tema2 - SOC/T2/T2.srcs/sources_1/new/black_cell.v" Line 2. Module black_cell doesn't have a timescale but at least one module in design has a timescale.
WARNING: [XSIM 43-4099] "C:/Users/dlmih/OneDrive - Universitatea Politehnica Bucuresti/Desktop/SOC/Tema2 - SOC/T2/T2.srcs/sources_1/new/black_cell.v" Line 2. Module black_cell doesn't have a timescale but at least one module in design has a timescale.
WARNING: [XSIM 43-4099] "C:/Users/dlmih/OneDrive - Universitatea Politehnica Bucuresti/Desktop/SOC/Tema2 - SOC/T2/T2.srcs/sources_1/new/black_cell.v" Line 2. Module black_cell doesn't have a timescale but at least one module in design has a timescale.
WARNING: [XSIM 43-4099] "C:/Users/dlmih/OneDrive - Universitatea Politehnica Bucuresti/Desktop/SOC/Tema2 - SOC/T2/T2.srcs/sources_1/new/black_cell.v" Line 2. Module black_cell doesn't have a timescale but at least one module in design has a timescale.
WARNING: [XSIM 43-4099] "C:/Users/dlmih/OneDrive - Universitatea Politehnica Bucuresti/Desktop/SOC/Tema2 - SOC/T2/T2.srcs/sources_1/new/black_cell.v" Line 2. Module black_cell doesn't have a timescale but at least one module in design has a timescale.
WARNING: [XSIM 43-4099] "C:/Users/dlmih/OneDrive - Universitatea Politehnica Bucuresti/Desktop/SOC/Tema2 - SOC/T2/T2.srcs/sources_1/new/black_cell.v" Line 2. Module black_cell doesn't have a timescale but at least one module in design has a timescale.
WARNING: [XSIM 43-4099] "C:/Users/dlmih/OneDrive - Universitatea Politehnica Bucuresti/Desktop/SOC/Tema2 - SOC/T2/T2.srcs/sources_1/new/black_cell.v" Line 2. Module black_cell doesn't have a timescale but at least one module in design has a timescale.
WARNING: [XSIM 43-4099] "C:/Users/dlmih/OneDrive - Universitatea Politehnica Bucuresti/Desktop/SOC/Tema2 - SOC/T2/T2.srcs/sources_1/new/generate_propagate.v" Line 2. Module generate_propagate doesn't have a timescale but at least one module in design has a timescale.
WARNING: [XSIM 43-4099] "C:/Users/dlmih/OneDrive - Universitatea Politehnica Bucuresti/Desktop/SOC/Tema2 - SOC/T2/T2.srcs/sources_1/new/generate_propagate.v" Line 2. Module generate_propagate doesn't have a timescale but at least one module in design has a timescale.
WARNING: [XSIM 43-4099] "C:/Users/dlmih/OneDrive - Universitatea Politehnica Bucuresti/Desktop/SOC/Tema2 - SOC/T2/T2.srcs/sources_1/new/generate_propagate.v" Line 2. Module generate_propagate doesn't have a timescale but at least one module in design has a timescale.
WARNING: [XSIM 43-4099] "C:/Users/dlmih/OneDrive - Universitatea Politehnica Bucuresti/Desktop/SOC/Tema2 - SOC/T2/T2.srcs/sources_1/new/generate_propagate.v" Line 2. Module generate_propagate doesn't have a timescale but at least one module in design has a timescale.
WARNING: [XSIM 43-4099] "C:/Users/dlmih/OneDrive - Universitatea Politehnica Bucuresti/Desktop/SOC/Tema2 - SOC/T2/T2.srcs/sources_1/new/generate_propagate.v" Line 2. Module generate_propagate doesn't have a timescale but at least one module in design has a timescale.
WARNING: [XSIM 43-4099] "C:/Users/dlmih/OneDrive - Universitatea Politehnica Bucuresti/Desktop/SOC/Tema2 - SOC/T2/T2.srcs/sources_1/new/generate_propagate.v" Line 2. Module generate_propagate doesn't have a timescale but at least one module in design has a timescale.
WARNING: [XSIM 43-4099] "C:/Users/dlmih/OneDrive - Universitatea Politehnica Bucuresti/Desktop/SOC/Tema2 - SOC/T2/T2.srcs/sources_1/new/generate_propagate.v" Line 2. Module generate_propagate doesn't have a timescale but at least one module in design has a timescale.
WARNING: [XSIM 43-4099] "C:/Users/dlmih/OneDrive - Universitatea Politehnica Bucuresti/Desktop/SOC/Tema2 - SOC/T2/T2.srcs/sources_1/new/generate_propagate.v" Line 2. Module generate_propagate doesn't have a timescale but at least one module in design has a timescale.
WARNING: [XSIM 43-4099] "C:/Users/dlmih/OneDrive - Universitatea Politehnica Bucuresti/Desktop/SOC/Tema2 - SOC/T2/T2.srcs/sources_1/new/generate_propagate.v" Line 2. Module generate_propagate doesn't have a timescale but at least one module in design has a timescale.
WARNING: [XSIM 43-4099] "C:/Users/dlmih/OneDrive - Universitatea Politehnica Bucuresti/Desktop/SOC/Tema2 - SOC/T2/T2.srcs/sources_1/new/generate_propagate.v" Line 2. Module generate_propagate doesn't have a timescale but at least one module in design has a timescale.
WARNING: [XSIM 43-4099] "C:/Users/dlmih/OneDrive - Universitatea Politehnica Bucuresti/Desktop/SOC/Tema2 - SOC/T2/T2.srcs/sources_1/new/generate_propagate.v" Line 2. Module generate_propagate doesn't have a timescale but at least one module in design has a timescale.
WARNING: [XSIM 43-4099] "C:/Users/dlmih/OneDrive - Universitatea Politehnica Bucuresti/Desktop/SOC/Tema2 - SOC/T2/T2.srcs/sources_1/new/generate_propagate.v" Line 2. Module generate_propagate doesn't have a timescale but at least one module in design has a timescale.
WARNING: [XSIM 43-4099] "C:/Users/dlmih/OneDrive - Universitatea Politehnica Bucuresti/Desktop/SOC/Tema2 - SOC/T2/T2.srcs/sources_1/new/generate_propagate.v" Line 2. Module generate_propagate doesn't have a timescale but at least one module in design has a timescale.
WARNING: [XSIM 43-4099] "C:/Users/dlmih/OneDrive - Universitatea Politehnica Bucuresti/Desktop/SOC/Tema2 - SOC/T2/T2.srcs/sources_1/new/generate_propagate.v" Line 2. Module generate_propagate doesn't have a timescale but at least one module in design has a timescale.
WARNING: [XSIM 43-4099] "C:/Users/dlmih/OneDrive - Universitatea Politehnica Bucuresti/Desktop/SOC/Tema2 - SOC/T2/T2.srcs/sources_1/new/generate_propagate.v" Line 2. Module generate_propagate doesn't have a timescale but at least one module in design has a timescale.
WARNING: [XSIM 43-4099] "C:/Users/dlmih/OneDrive - Universitatea Politehnica Bucuresti/Desktop/SOC/Tema2 - SOC/T2/T2.srcs/sources_1/new/generate_propagate.v" Line 2. Module generate_propagate doesn't have a timescale but at least one module in design has a timescale.
WARNING: [XSIM 43-4099] "C:/Users/dlmih/OneDrive - Universitatea Politehnica Bucuresti/Desktop/SOC/Tema2 - SOC/T2/T2.srcs/sources_1/new/black_cell.v" Line 2. Module black_cell doesn't have a timescale but at least one module in design has a timescale.
WARNING: [XSIM 43-4099] "C:/Users/dlmih/OneDrive - Universitatea Politehnica Bucuresti/Desktop/SOC/Tema2 - SOC/T2/T2.srcs/sources_1/new/black_cell.v" Line 2. Module black_cell doesn't have a timescale but at least one module in design has a timescale.
WARNING: [XSIM 43-4099] "C:/Users/dlmih/OneDrive - Universitatea Politehnica Bucuresti/Desktop/SOC/Tema2 - SOC/T2/T2.srcs/sources_1/new/black_cell.v" Line 2. Module black_cell doesn't have a timescale but at least one module in design has a timescale.
WARNING: [XSIM 43-4099] "C:/Users/dlmih/OneDrive - Universitatea Politehnica Bucuresti/Desktop/SOC/Tema2 - SOC/T2/T2.srcs/sources_1/new/black_cell.v" Line 2. Module black_cell doesn't have a timescale but at least one module in design has a timescale.
WARNING: [XSIM 43-4099] "C:/Users/dlmih/OneDrive - Universitatea Politehnica Bucuresti/Desktop/SOC/Tema2 - SOC/T2/T2.srcs/sources_1/new/black_cell.v" Line 2. Module black_cell doesn't have a timescale but at least one module in design has a timescale.
WARNING: [XSIM 43-4099] "C:/Users/dlmih/OneDrive - Universitatea Politehnica Bucuresti/Desktop/SOC/Tema2 - SOC/T2/T2.srcs/sources_1/new/black_cell.v" Line 2. Module black_cell doesn't have a timescale but at least one module in design has a timescale.
WARNING: [XSIM 43-4099] "C:/Users/dlmih/OneDrive - Universitatea Politehnica Bucuresti/Desktop/SOC/Tema2 - SOC/T2/T2.srcs/sources_1/new/black_cell.v" Line 2. Module black_cell doesn't have a timescale but at least one module in design has a timescale.
WARNING: [XSIM 43-4099] "C:/Users/dlmih/OneDrive - Universitatea Politehnica Bucuresti/Desktop/SOC/Tema2 - SOC/T2/T2.srcs/sources_1/new/black_cell.v" Line 2. Module black_cell doesn't have a timescale but at least one module in design has a timescale.
WARNING: [XSIM 43-4099] "C:/Users/dlmih/OneDrive - Universitatea Politehnica Bucuresti/Desktop/SOC/Tema2 - SOC/T2/T2.srcs/sources_1/new/black_cell.v" Line 2. Module black_cell doesn't have a timescale but at least one module in design has a timescale.
WARNING: [XSIM 43-4099] "C:/Users/dlmih/OneDrive - Universitatea Politehnica Bucuresti/Desktop/SOC/Tema2 - SOC/T2/T2.srcs/sources_1/new/black_cell.v" Line 2. Module black_cell doesn't have a timescale but at least one module in design has a timescale.
WARNING: [XSIM 43-4099] "C:/Users/dlmih/OneDrive - Universitatea Politehnica Bucuresti/Desktop/SOC/Tema2 - SOC/T2/T2.srcs/sources_1/new/black_cell.v" Line 2. Module black_cell doesn't have a timescale but at least one module in design has a timescale.
WARNING: [XSIM 43-4099] "C:/Users/dlmih/OneDrive - Universitatea Politehnica Bucuresti/Desktop/SOC/Tema2 - SOC/T2/T2.srcs/sources_1/new/black_cell.v" Line 2. Module black_cell doesn't have a timescale but at least one module in design has a timescale.
WARNING: [XSIM 43-4099] "C:/Users/dlmih/OneDrive - Universitatea Politehnica Bucuresti/Desktop/SOC/Tema2 - SOC/T2/T2.srcs/sources_1/new/black_cell.v" Line 2. Module black_cell doesn't have a timescale but at least one module in design has a timescale.
WARNING: [XSIM 43-4099] "C:/Users/dlmih/OneDrive - Universitatea Politehnica Bucuresti/Desktop/SOC/Tema2 - SOC/T2/T2.srcs/sources_1/new/black_cell.v" Line 2. Module black_cell doesn't have a timescale but at least one module in design has a timescale.
WARNING: [XSIM 43-4099] "C:/Users/dlmih/OneDrive - Universitatea Politehnica Bucuresti/Desktop/SOC/Tema2 - SOC/T2/T2.srcs/sources_1/new/black_cell.v" Line 2. Module black_cell doesn't have a timescale but at least one module in design has a timescale.
Completed simulation data flow analysis
Time Resolution for simulation is 1ps
Compiling module xil_defaultlib.generate_propagate
Compiling module xil_defaultlib.black_cell
Compiling module xil_defaultlib.prefix_adder_16bit_default
Compiling module xil_defaultlib.tb_prefix_adder_16bit
Compiling module xil_defaultlib.glbl
Built simulation snapshot tb_prefix_adder_16bit_behav
